#
# There is insufficient memory for the Java Runtime Environment to continue.
# Native memory allocation (mmap) failed to map 255852544 bytes for Failed to commit area from 0x000000070ce00000 to 0x000000071c200000 of length 255852544.
# Possible reasons:
#   The system is out of physical RAM or swap space
#   The process is running with CompressedOops enabled, and the Java Heap may be blocking the growth of the native heap
# Possible solutions:
#   Reduce memory load on the system
#   Increase physical memory or swap space
#   Check if swap backing store is full
#   Decrease Java heap size (-Xmx/-Xms)
#   Decrease number of Java threads
#   Decrease Java thread stack sizes (-Xss)
#   Set larger code cache with -XX:ReservedCodeCacheSize=
# This output file may be truncated or incomplete.
#
#  Out of Memory Error (./src/hotspot/os/windows/os_windows.cpp:3301), pid=25888, tid=956
#
# JRE version:  (11.0.11+9) (build )
# Java VM: OpenJDK 64-Bit Server VM (11.0.11+9-b1341.60, mixed mode, sharing, tiered, compressed oops, g1 gc, windows-amd64)
# No core dump will be written. Minidumps are not enabled by default on client versions of Windows
#

---------------  S U M M A R Y ------------

Command Line: org.jetbrains.git4idea.http.GitAskPassApp Username for 'https://gitee.com': 

Host: AMD Ryzen 5 6600H with Radeon Graphics         , 12 cores, 15G,  Windows 10 , 64 bit Build 22621 (10.0.22621.4391)
Time: Fri Dec 27 12:55:23 2024 笢弊梓袧奀潔 elapsed time: 0.023819 seconds (0d 0h 0m 0s)

---------------  T H R E A D  ---------------

Current thread (0x00000170a4757800):  JavaThread "Unknown thread" [_thread_in_vm, id=956, stack(0x00000047b3e00000,0x00000047b3f00000)]

Stack: [0x00000047b3e00000,0x00000047b3f00000]
Native frames: (J=compiled Java code, j=interpreted, Vv=VM code, C=native code)
V  [jvm.dll+0x5f5c8a]
V  [jvm.dll+0x779405]
V  [jvm.dll+0x77aa1d]
V  [jvm.dll+0x77b0d3]
V  [jvm.dll+0x244bc8]
V  [jvm.dll+0x5f3084]
V  [jvm.dll+0x5e7fe5]
V  [jvm.dll+0x30098b]
V  [jvm.dll+0x3008fa]
V  [jvm.dll+0x3007d2]
V  [jvm.dll+0x3056b6]
V  [jvm.dll+0x34e353]
V  [jvm.dll+0x34ea56]
V  [jvm.dll+0x34e453]
V  [jvm.dll+0x2db398]
V  [jvm.dll+0x2dc547]
V  [jvm.dll+0x757bf7]
V  [jvm.dll+0x7593ec]
V  [jvm.dll+0x35b8d9]
V  [jvm.dll+0x73b38e]
V  [jvm.dll+0x3c3cc3]
V  [jvm.dll+0x3c60e1]
C  [jli.dll+0x5373]
C  [ucrtbase.dll+0x29333]
C  [KERNEL32.DLL+0x1259d]
C  [ntdll.dll+0x5af38]


---------------  P R O C E S S  ---------------

Threads class SMR info:
_java_thread_list=0x00000170a2459b80, length=0, elements={
}

Java Threads: ( => current thread )

Other Threads:
  0x00000170a4773000 GCTaskThread "GC Thread#0" [stack: 0x00000047b3f00000,0x00000047b4000000] [id=5540]
  0x00000170a47cb000 ConcurrentGCThread "G1 Main Marker" [stack: 0x00000047b4000000,0x00000047b4100000] [id=13192]
  0x00000170a47cc800 ConcurrentGCThread "G1 Conc#0" [stack: 0x00000047b4100000,0x00000047b4200000] [id=21608]

[error occurred during error reporting (printing all threads), id 0xc0000005, EXCEPTION_ACCESS_VIOLATION (0xc0000005) at pc=0x00007fff9e8fb9f7]

VM state:not at safepoint (not fully initialized)

VM Mutex/Monitor currently owned by a thread:  ([mutex/lock_event])
[0x00000170a4754420] Heap_lock - owner thread: 0x00000170a4757800

Heap address: 0x000000070ce00000, size: 3890 MB, Compressed Oops mode: Non-zero based: 0x000000070ce00000
Narrow klass base: 0x0000000000000000, Narrow klass shift: 0

GC Heap History (0 events):
No events

Deoptimization events (0 events):
No events

Classes redefined (0 events):
No events

Internal exceptions (0 events):
No events

Events (1 events):
Event: 0.015 Loaded shared library D:\Program Files\JetBrains\WebStorm 2021.1.3\jbr\bin\zip.dll


Dynamic libraries:
0x00007ff7ee370000 - 0x00007ff7ee37a000 	D:\Program Files\JetBrains\WebStorm 2021.1.3\jbr\bin\java.exe
0x00007fffe3e90000 - 0x00007fffe40a7000 	C:\Windows\SYSTEM32\ntdll.dll
0x00007fffe3230000 - 0x00007fffe32f4000 	C:\Windows\System32\KERNEL32.DLL
0x00007fffe1510000 - 0x00007fffe18ca000 	C:\Windows\System32\KERNELBASE.dll
0x00007fffe1160000 - 0x00007fffe1271000 	C:\Windows\System32\ucrtbase.dll
0x00007fffc10b0000 - 0x00007fffc10c9000 	D:\Program Files\JetBrains\WebStorm 2021.1.3\jbr\bin\jli.dll
0x00007fffbc0d0000 - 0x00007fffbc0e7000 	D:\Program Files\JetBrains\WebStorm 2021.1.3\jbr\bin\VCRUNTIME140.dll
0x00007fffe1c30000 - 0x00007fffe1dde000 	C:\Windows\System32\USER32.dll
0x00007fffe1280000 - 0x00007fffe12a6000 	C:\Windows\System32\win32u.dll
0x00007fffe2430000 - 0x00007fffe2459000 	C:\Windows\System32\GDI32.dll
0x00007fffe13f0000 - 0x00007fffe150b000 	C:\Windows\System32\gdi32full.dll
0x00007fffe1a70000 - 0x00007fffe1b0a000 	C:\Windows\System32\msvcp_win.dll
0x00007fffcead0000 - 0x00007fffced62000 	C:\Windows\WinSxS\amd64_microsoft.windows.common-controls_6595b64144ccf1df_6.0.22621.4541_none_2710d1c57384c085\COMCTL32.dll
0x00007fffe2460000 - 0x00007fffe2507000 	C:\Windows\System32\msvcrt.dll
0x00007fffe2880000 - 0x00007fffe28b1000 	C:\Windows\System32\IMM32.DLL
0x00007fffaada0000 - 0x00007fffaae3d000 	D:\Program Files\JetBrains\WebStorm 2021.1.3\jbr\bin\msvcp140.dll
0x00007fff9e610000 - 0x00007fff9f159000 	D:\Program Files\JetBrains\WebStorm 2021.1.3\jbr\bin\server\jvm.dll
0x00007fffe3c90000 - 0x00007fffe3d42000 	C:\Windows\System32\ADVAPI32.dll
0x00007fffe3a50000 - 0x00007fffe3af7000 	C:\Windows\System32\sechost.dll
0x00007fffe1a40000 - 0x00007fffe1a68000 	C:\Windows\System32\bcrypt.dll
0x00007fffe3b70000 - 0x00007fffe3c84000 	C:\Windows\System32\RPCRT4.dll
0x00007fffe3b00000 - 0x00007fffe3b08000 	C:\Windows\System32\PSAPI.DLL
0x00007fffdbbe0000 - 0x00007fffdbbe9000 	C:\Windows\SYSTEM32\WSOCK32.dll
0x00007fffd2660000 - 0x00007fffd2694000 	C:\Windows\SYSTEM32\WINMM.dll
0x00007fffd9d00000 - 0x00007fffd9d0a000 	C:\Windows\SYSTEM32\VERSION.dll
0x00007fffe2800000 - 0x00007fffe2871000 	C:\Windows\System32\ws2_32.DLL
0x00007fffe0290000 - 0x00007fffe02a8000 	C:\Windows\SYSTEM32\kernel.appcore.dll
0x00007fffd9ff0000 - 0x00007fffda001000 	D:\Program Files\JetBrains\WebStorm 2021.1.3\jbr\bin\verify.dll
0x00007fffd8ff0000 - 0x00007fffd9222000 	C:\Windows\SYSTEM32\DBGHELP.DLL
0x00007fffe1de0000 - 0x00007fffe216f000 	C:\Windows\System32\combase.dll
0x00007fffe28d0000 - 0x00007fffe29a7000 	C:\Windows\System32\OLEAUT32.dll
0x00007fffd6850000 - 0x00007fffd6882000 	C:\Windows\SYSTEM32\dbgcore.DLL
0x00007fffe1b10000 - 0x00007fffe1b8b000 	C:\Windows\System32\bcryptPrimitives.dll
0x00007fffc10e0000 - 0x00007fffc1109000 	D:\Program Files\JetBrains\WebStorm 2021.1.3\jbr\bin\java.dll
0x00007fffc20b0000 - 0x00007fffc20bb000 	D:\Program Files\JetBrains\WebStorm 2021.1.3\jbr\bin\jimage.dll
0x00007fffc1090000 - 0x00007fffc10a8000 	D:\Program Files\JetBrains\WebStorm 2021.1.3\jbr\bin\zip.dll

dbghelp: loaded successfully - version: 4.0.5 - missing functions: none
symbol engine: initialized successfully - sym options: 0x614 - pdb path: .;D:\Program Files\JetBrains\WebStorm 2021.1.3\jbr\bin;C:\Windows\SYSTEM32;C:\Windows\WinSxS\amd64_microsoft.windows.common-controls_6595b64144ccf1df_6.0.22621.4541_none_2710d1c57384c085;D:\Program Files\JetBrains\WebStorm 2021.1.3\jbr\bin\server

VM Arguments:
java_command: org.jetbrains.git4idea.http.GitAskPassApp Username for 'https://gitee.com': 
java_class_path (initial): D:/Program Files/JetBrains/WebStorm 2021.1.3/plugins/git4idea/lib/git4idea-rt.jar;D:/Program Files/JetBrains/WebStorm 2021.1.3/lib/xmlrpc-2.0.1.jar;D:/Program Files/JetBrains/WebStorm 2021.1.3/lib/commons-codec-1.15.jar
Launcher Type: SUN_STANDARD

[Global flags]
     intx CICompilerCount                          = 4                                         {product} {ergonomic}
     uint ConcGCThreads                            = 3                                         {product} {ergonomic}
     uint G1ConcRefinementThreads                  = 10                                        {product} {ergonomic}
   size_t G1HeapRegionSize                         = 1048576                                   {product} {ergonomic}
    uintx GCDrainStackTargetSize                   = 64                                        {product} {ergonomic}
   size_t InitialHeapSize                          = 255852544                                 {product} {ergonomic}
   size_t MarkStackSize                            = 4194304                                   {product} {ergonomic}
   size_t MaxHeapSize                              = 4078960640                                {product} {ergonomic}
   size_t MinHeapDeltaBytes                        = 1048576                                   {product} {ergonomic}
    uintx NonNMethodCodeHeapSize                   = 5836300                                {pd product} {ergonomic}
    uintx NonProfiledCodeHeapSize                  = 122910970                              {pd product} {ergonomic}
    uintx ProfiledCodeHeapSize                     = 122910970                              {pd product} {ergonomic}
    uintx ReservedCodeCacheSize                    = 251658240                              {pd product} {ergonomic}
     bool SegmentedCodeCache                       = true                                      {product} {ergonomic}
     bool UseCompressedClassPointers               = true                                 {lp64_product} {ergonomic}
     bool UseCompressedOops                        = true                                 {lp64_product} {ergonomic}
     bool UseG1GC                                  = true                                      {product} {ergonomic}
     bool UseLargePagesIndividualAllocation        = false                                  {pd product} {ergonomic}

Logging:
Log output configuration:
 #0: stdout all=warning uptime,level,tags
 #1: stderr all=off uptime,level,tags

Environment Variables:
JAVA_HOME=D:\Apps\java\jdk-23.0.1
PATH=D:/Program Files/Git/mingw64/libexec/git-core;D:/Program Files/Git/mingw64/libexec/git-core;D:\Program Files\Git\mingw64\bin;D:\Program Files\Git\usr\bin;C:\Users\LIUYANG\bin;C:\Program Files\Python311\Scripts\;C:\Program Files\Python311\;C:\Windows\system32;C:\Windows;C:\Windows\System32\Wbem;C:\Windows\System32\WindowsPowerShell\v1.0\;C:\Windows\System32\OpenSSH\;C:\Program Files\dotnet\;C:\Program Files (x86)\NVIDIA Corporation\PhysX\Common;D:\Apps\mingw64\bin;C:\Program Files\Cloudflare\Cloudflare WARP\;D:\Apps\ffmpeg-2024-08-21\bin;C:\Program Files\MATLAB\R2023b\runtime\win64;C:\Program Files\MATLAB\R2023b\bin;C:\Program Files\Microsoft VS Code\bin;D:\Apps\java\jdk-23.0.1\bin;D:\Program Files\nodejs\;D:\Program Files\Git\cmd;C:\Program Files\TortoiseGit\bin;C:\Apps\Telit\IoT_AppZone_IDE_5x\cygwin\bin;C:\Apps\Telit\IoT_AppZone_IDE_5x\mingw_msys\bin;C:\Users\LIUYANG\AppData\Local\Microsoft\WindowsApps;C:\Users\LIUYANG\AppData\Local\GitHubDesktop\bin;C:\Apps\ARC\MetaWare\arc\bin;C:\Apps\ARC\MetaWare\ide;C:\Apps\ARC\MetaWare\ide\utils;C:\Apps\Telit\IoT_AppZone_IDE_5x\adb;C:\Users\LIUYANG\AppData\Roaming\npm
USERNAME=LIUYANG
DISPLAY=:0.0
LC_ALL=en_US.UTF-8
OS=Windows_NT
PROCESSOR_IDENTIFIER=AMD64 Family 25 Model 68 Stepping 1, AuthenticAMD



---------------  S Y S T E M  ---------------

OS: Windows 10 , 64 bit Build 22621 (10.0.22621.4391)
OS uptime: 7 days 0:47 hours

CPU:total 12 (initial active 12) (12 cores per cpu, 2 threads per core) family 25 model 68 stepping 1 microcode 0x0, cmov, cx8, fxsr, mmx, sse, sse2, sse3, ssse3, sse4.1, sse4.2, popcnt, avx, avx2, aes, clmul, erms, mmxext, 3dnowpref, lzcnt, sse4a, ht, tsc, tscinvbit, tscinv, bmi1, bmi2,

Memory: 4k page, system-wide physical 15557M (224M free)
TotalPageFile size 41157M (AvailPageFile size 134M)
current process WorkingSet (physical memory assigned to process): 11M, peak: 11M
current process commit charge ("private bytes"): 64M, peak: 308M

vm_info: OpenJDK 64-Bit Server VM (11.0.11+9-b1341.60) for windows-amd64 JRE (11.0.11+9-b1341.60), built on Jun  4 2021 08:17:54 by "" with MS VC++ 14.0 (VS2015)

END.
